This is pdfTeX, Version 3.141592653-2.6-1.40.22 (TeX Live 2021) (preloaded format=pdflatex 2021.10.6)  10 OCT 2021 15:04
entering extended mode
 restricted \write18 enabled.
 file:line:error style messages enabled.
 %&-line parsing enabled.
**/Users/daviddebray/GitHub/davidchdebray.github.io/template.tex
(/Users/daviddebray/GitHub/davidchdebray.github.io/template.tex
LaTeX2e <2020-10-01> patch level 4
L3 programming layer <2021-02-18>

/Users/daviddebray/GitHub/davidchdebray.github.io/template.tex:3: LaTeX Error: Missing \begin{document}.

See the LaTeX manual or LaTeX Companion for explanation.
Type  H <return>  for immediate help.
 ...                                              
                                                  
l.3 $
     if(colorlinks)$
You're in trouble here.  Try typing  <return>  to proceed.
If that doesn't work, type  X <return>  to quit.

LaTeX Font Info:    External font `cmex10' loaded for size
(Font)              <7> on input line 3.
LaTeX Font Info:    External font `cmex10' loaded for size
(Font)              <5> on input line 3.

! LaTeX Error: File `$documentclass$.cls' not found.

Type X to quit or <RETURN> to proceed,
or enter new name. (Default extension: cls)

Enter file name: 
/Users/daviddebray/GitHub/davidchdebray.github.io/template.tex:9: Emergency stop.
<read *> 
         
l.9 $
     if(beamer)$^^M
*** (cannot \read from terminal in nonstop modes)

 
Here is how much of TeX's memory you used:
 28 strings out of 478994
 749 string characters out of 5858184
 284932 words of memory out of 5000000
 17611 multiletter control sequences out of 15000+600000
 403430 words of font info for 27 fonts, out of 8000000 for 9000
 1141 hyphenation exceptions out of 8191
 32i,1n,39p,360b,56s stack positions out of 5000i,500n,10000p,200000b,80000s
/Users/daviddebray/GitHub/davidchdebray.github.io/template.tex:9:  ==> Fatal error occurred, no output PDF file produced!
